<?xml version="1.0" encoding="UTF-8"?>
<testng-results skipped="0" failed="0" ignored="0" total="1" passed="1">
  <reporter-output>
    <line>
      <![CDATA[<br/>********************************************* Request *********************************************<br/>Http Method    :                   POST                                              <br/>Base Url       :                   https://jsonplaceholder.typicode.com              <br/>End Point      :                   posts                                             <br/>Path Params    :                   <nil>                                             <br/>Query Paramas  :                   <nil>                                             <br/>Headers        :                   <nil>                                             <br/>Body           :                   <br/><nil>                                            <br/>***************************************************************************************************]]>
    </line>
    <line>
      <![CDATA[<br/>********************************************* Response *********************************************<br/>Status code    :                   201                                               <br/>Status message :                   Created                                           <br/>Headers        :                   Server="cloudflare", CF-RAY="57fc34c40fcbdcca-SIN", X-Content-Type-Options="nosniff", Connection="keep-alive", Pragma="no-cache", Date="Mon, 06 Apr 2020 14:30:19 GMT", Via="1.1 vegur", Access-Control-Expose-Headers="Location", CF-Cache-Status="DYNAMIC", Cache-Control="no-cache", Etag="W/"f-4jjw4Y8q22Yv1PV9m28FczJgjzk"", Access-Control-Allow-Credentials="true", Set-Cookie="__cfduid=d83a762540a1e2d70817f350d876fd9ed1586183419; expires=Wed, 06-May-20 14:30:19 GMT; path=/; domain=.typicode.com; HttpOnly; SameSite=Lax", Vary="Origin, X-HTTP-Method-Override, Accept-Encoding", Expires="-1", Content-Length="15", Content-Type="application/json; charset=utf-8", X-Powered-By="Express", Location="http://jsonplaceholder.typicode.com/posts/101", Expect-CT="max-age=604800, report-uri="https://report-uri.cloudflare.com/cdn-cgi/beacon/expect-ct""<br/>Response body  :                   <br/>{<br/>  "id": 101<br/>}                                  <br/>***************************************************************************************************]]>
    </line>
  </reporter-output>
  <suite name="Default suite" duration-ms="1659" started-at="2020-04-06T20:00:18 IST" finished-at="2020-04-06T20:00:19 IST">
    <groups>
    </groups>
    <test name="Default test" duration-ms="1659" started-at="2020-04-06T20:00:18 IST" finished-at="2020-04-06T20:00:19 IST">
      <class name="demotest.DemoTest">
        <test-method status="PASS" signature="demo()[pri:0, instance:demotest.DemoTest@1445d7f]" name="demo" duration-ms="1616" started-at="2020-04-06T20:00:18 IST" finished-at="2020-04-06T20:00:19 IST">
          <reporter-output>
            <line>
              <![CDATA[<br/>********************************************* Request *********************************************<br/>Http Method    :                   POST                                              <br/>Base Url       :                   https://jsonplaceholder.typicode.com              <br/>End Point      :                   posts                                             <br/>Path Params    :                   <nil>                                             <br/>Query Paramas  :                   <nil>                                             <br/>Headers        :                   <nil>                                             <br/>Body           :                   <br/><nil>                                            <br/>***************************************************************************************************]]>
            </line>
            <line>
              <![CDATA[<br/>********************************************* Response *********************************************<br/>Status code    :                   201                                               <br/>Status message :                   Created                                           <br/>Headers        :                   Server="cloudflare", CF-RAY="57fc34c40fcbdcca-SIN", X-Content-Type-Options="nosniff", Connection="keep-alive", Pragma="no-cache", Date="Mon, 06 Apr 2020 14:30:19 GMT", Via="1.1 vegur", Access-Control-Expose-Headers="Location", CF-Cache-Status="DYNAMIC", Cache-Control="no-cache", Etag="W/"f-4jjw4Y8q22Yv1PV9m28FczJgjzk"", Access-Control-Allow-Credentials="true", Set-Cookie="__cfduid=d83a762540a1e2d70817f350d876fd9ed1586183419; expires=Wed, 06-May-20 14:30:19 GMT; path=/; domain=.typicode.com; HttpOnly; SameSite=Lax", Vary="Origin, X-HTTP-Method-Override, Accept-Encoding", Expires="-1", Content-Length="15", Content-Type="application/json; charset=utf-8", X-Powered-By="Express", Location="http://jsonplaceholder.typicode.com/posts/101", Expect-CT="max-age=604800, report-uri="https://report-uri.cloudflare.com/cdn-cgi/beacon/expect-ct""<br/>Response body  :                   <br/>{<br/>  "id": 101<br/>}                                  <br/>***************************************************************************************************]]>
            </line>
          </reporter-output>
        </test-method> <!-- demo -->
      </class> <!-- demotest.DemoTest -->
    </test> <!-- Default test -->
  </suite> <!-- Default suite -->
</testng-results>
